<?xml version="1.0" encoding="UTF-8"?>
<!-- Generated by org.testng.reporters.JUnitReportReporter -->
<testsuite hostname="DESKTOP-CTTAHL6" failures="0" tests="2" name="com.testCases.lauchtestFlipkart" time="14.510" errors="0" timestamp="2024-12-16T14:53:14 IST" skipped="0">
  <testcase classname="com.testCases.lauchtestFlipkart" name="openFlipKart" time="6.137"/>
  <testcase classname="com.testCases.lauchtestFlipkart" name="searchBarItemSearch" time="8.373"/>
</testsuite> <!-- com.testCases.lauchtestFlipkart -->
